2018-32-17 16:32:42.449 [main] INFO   - *****The name of the testcase Started is :addImplicitly
2018-32-17 16:32:44.041 [main] INFO   - *****The name of the testcase Passed is :addImplicitly
2018-32-17 16:32:44.546 [main] INFO   - *****The name of the testcase Started is :verifyHomePage
2018-32-17 16:32:44.983 [main] INFO   - Successfully opened home page
2018-32-17 16:32:45.020 [main] INFO   - *****The name of the testcase Failed is :verifyHomePage
2018-32-17 16:32:45.476 [main] INFO   - *****The name of the testcase Started is :verifyOriginValue
2018-32-17 16:32:46.221 [main] INFO   - Successfully entered Origin country in home page
2018-32-17 16:32:46.387 [main] INFO   - *****The name of the testcase Passed is :verifyOriginValue
2018-32-17 16:32:46.753 [main] INFO   - *****The name of the testcase Started is :verifyDestinationValueNegative
2018-32-17 16:32:47.358 [main] INFO   - *****The name of the testcase Passed is :verifyDestinationValueNegative
2018-32-17 16:32:47.762 [main] INFO   - *****The name of the testcase Started is :verifyDestinationValue
2018-32-17 16:32:48.578 [main] INFO   - *****The name of the testcase Passed is :verifyDestinationValue
2018-32-17 16:32:49.023 [main] INFO   - *****The name of the testcase Started is :selectDepartureDate
2018-32-17 16:32:49.573 [main] INFO   - *****The name of the testcase Passed is :selectDepartureDate
2018-32-17 16:32:49.921 [main] INFO   - *****The name of the testcase Started is :selectReturnDate
2018-32-17 16:32:53.504 [main] INFO   - *****The name of the testcase Passed is :selectReturnDate
2018-32-17 16:32:53.836 [main] INFO   - *****The name of the testcase Started is :verifyPassengers
2018-32-17 16:32:56.425 [main] INFO   - *****The name of the testcase Passed is :verifyPassengers
2018-32-17 16:32:56.862 [main] INFO   - *****The name of the testcase Started is :verifySearchPage
2018-33-17 16:33:05.328 [main] INFO   - *****The name of the testcase Passed is :verifySearchPage
2018-35-17 16:35:05.490 [main] INFO   - *****The name of the testcase Started is :addImplicitly
2018-35-17 16:35:06.655 [main] INFO   - *****The name of the testcase Passed is :addImplicitly
2018-35-17 16:35:06.658 [main] INFO   - *****The name of the testcase Started is :verifyHomePage
2018-35-17 16:35:06.658 [main] INFO   - Successfully opened home page
2018-35-17 16:35:06.693 [main] INFO   - *****The name of the testcase Failed is :verifyHomePage
2018-35-17 16:35:07.139 [main] INFO   - *****The name of the testcase Started is :verifyOriginValue
2018-35-17 16:35:07.447 [main] INFO   - Successfully entered Origin country in home page
2018-35-17 16:35:07.596 [main] INFO   - *****The name of the testcase Passed is :verifyOriginValue
2018-35-17 16:35:07.599 [main] INFO   - *****The name of the testcase Started is :verifyDestinationValueNegative
2018-35-17 16:35:07.871 [main] INFO   - *****The name of the testcase Passed is :verifyDestinationValueNegative
2018-35-17 16:35:07.872 [main] INFO   - *****The name of the testcase Started is :verifyDestinationValue
2018-35-17 16:35:08.227 [main] INFO   - *****The name of the testcase Passed is :verifyDestinationValue
2018-35-17 16:35:08.228 [main] INFO   - *****The name of the testcase Started is :selectDepartureDate
2018-35-17 16:35:08.599 [main] INFO   - *****The name of the testcase Passed is :selectDepartureDate
2018-35-17 16:35:08.602 [main] INFO   - *****The name of the testcase Started is :selectReturnDate
2018-35-17 16:35:11.867 [main] INFO   - *****The name of the testcase Passed is :selectReturnDate
2018-35-17 16:35:11.868 [main] INFO   - *****The name of the testcase Started is :verifyPassengers
2018-35-17 16:35:14.199 [main] INFO   - *****The name of the testcase Passed is :verifyPassengers
2018-35-17 16:35:14.200 [main] INFO   - *****The name of the testcase Started is :verifySearchPage
2018-35-17 16:35:19.593 [main] INFO   - *****The name of the testcase Passed is :verifySearchPage
2018-37-17 16:37:24.879 [main] INFO   - *****The name of the testcase Started is :addImplicitly
2018-37-17 16:37:26.058 [main] INFO   - *****The name of the testcase Passed is :addImplicitly
2018-37-17 16:37:26.060 [main] INFO   - *****The name of the testcase Started is :verifyHomePage
2018-37-17 16:37:26.060 [main] INFO   - Successfully opened home page
2018-37-17 16:37:26.096 [main] INFO   - *****The name of the testcase Failed is :verifyHomePage
2018-37-17 16:37:26.625 [main] INFO   - *****The name of the testcase Started is :verifyOriginValue
2018-37-17 16:37:26.933 [main] INFO   - Successfully entered Origin country in home page
2018-37-17 16:37:27.101 [main] INFO   - *****The name of the testcase Passed is :verifyOriginValue
2018-37-17 16:37:27.102 [main] INFO   - *****The name of the testcase Started is :verifyDestinationValueNegative
2018-37-17 16:37:27.350 [main] INFO   - *****The name of the testcase Passed is :verifyDestinationValueNegative
2018-37-17 16:37:27.353 [main] INFO   - *****The name of the testcase Started is :verifyDestinationValue
2018-37-17 16:37:27.740 [main] INFO   - *****The name of the testcase Passed is :verifyDestinationValue
2018-37-17 16:37:27.741 [main] INFO   - *****The name of the testcase Started is :selectDepartureDate
2018-37-17 16:37:28.140 [main] INFO   - *****The name of the testcase Passed is :selectDepartureDate
2018-37-17 16:37:28.142 [main] INFO   - *****The name of the testcase Started is :selectReturnDate
2018-37-17 16:37:31.393 [main] INFO   - *****The name of the testcase Passed is :selectReturnDate
2018-37-17 16:37:31.394 [main] INFO   - *****The name of the testcase Started is :verifyPassengers
2018-37-17 16:37:33.774 [main] INFO   - *****The name of the testcase Passed is :verifyPassengers
2018-37-17 16:37:33.775 [main] INFO   - *****The name of the testcase Started is :verifySearchPage
2018-37-17 16:37:39.155 [main] INFO   - *****The name of the testcase Passed is :verifySearchPage
2018-45-17 16:45:48.984 [main] INFO   - *****The name of the testcase Started is :addImplicitly
2018-46-17 16:46:00.050 [main] INFO   - *****The name of the testcase Started is :addImplicitly
2018-46-17 16:46:01.234 [main] INFO   - *****The name of the testcase Passed is :addImplicitly
2018-46-17 16:46:01.236 [main] INFO   - *****The name of the testcase Started is :verifyHomePage
2018-46-17 16:46:01.236 [main] INFO   - Successfully opened home page
2018-46-17 16:46:01.273 [main] INFO   - *****The name of the testcase Failed is :verifyHomePage
2018-46-17 16:46:01.591 [main] INFO   - *****The name of the testcase Started is :verifyOriginValue
2018-46-17 16:46:11.671 [main] INFO   - Successfully entered Origin country in home page
2018-46-17 16:46:11.785 [main] INFO   - Selected the required airport
2018-46-17 16:46:11.838 [main] INFO   - *****The name of the testcase Passed is :verifyOriginValue
2018-46-17 16:46:11.839 [main] INFO   - *****The name of the testcase Started is :verifyDestinationValueNegative
2018-46-17 16:46:12.004 [main] INFO   - Successfully verified Negative test
2018-46-17 16:46:12.040 [main] INFO   - *****The name of the testcase Passed is :verifyDestinationValueNegative
2018-46-17 16:46:12.041 [main] INFO   - *****The name of the testcase Started is :verifyDestinationValue
2018-46-17 16:46:12.177 [main] INFO   - Successfully entered destination country
2018-46-17 16:46:12.344 [main] INFO   - Selected required destination airport
2018-46-17 16:46:12.430 [main] INFO   - *****The name of the testcase Passed is :verifyDestinationValue
2018-46-17 16:46:12.432 [main] INFO   - *****The name of the testcase Started is :selectDepartureDate
2018-46-17 16:46:12.823 [main] INFO   - Selected departure date
2018-46-17 16:46:12.824 [main] INFO   - *****The name of the testcase Passed is :selectDepartureDate
2018-46-17 16:46:12.825 [main] INFO   - *****The name of the testcase Started is :selectReturnDate
2018-46-17 16:46:16.077 [main] INFO   - Selected return date
2018-46-17 16:46:16.078 [main] INFO   - *****The name of the testcase Passed is :selectReturnDate
2018-46-17 16:46:16.079 [main] INFO   - *****The name of the testcase Started is :verifyPassengers
2018-46-17 16:46:18.343 [main] INFO   - Increaded child count
2018-46-17 16:46:18.495 [main] INFO   - *****The name of the testcase Passed is :verifyPassengers
2018-46-17 16:46:18.496 [main] INFO   - *****The name of the testcase Started is :verifySearchPage
2018-46-17 16:46:20.289 [main] INFO   - Performed search operation
2018-46-17 16:46:26.388 [main] INFO   - *****The name of the testcase Passed is :verifySearchPage
